a:\backups\uni\year 2\s1\games engine construction\games engine\hapi_start\x64\release\hapi_start.pch
a:\backups\uni\year 2\s1\games engine construction\games engine\hapi_start\x64\release\vc141.pdb
a:\backups\uni\year 2\s1\games engine construction\games engine\hapi_start\x64\release\pch.obj
a:\backups\uni\year 2\s1\games engine construction\games engine\hapi_start\x64\release\worldmodel.obj
a:\backups\uni\year 2\s1\games engine construction\games engine\hapi_start\x64\release\visualisation.obj
a:\backups\uni\year 2\s1\games engine construction\games engine\hapi_start\x64\release\vector2d.obj
a:\backups\uni\year 2\s1\games engine construction\games engine\hapi_start\x64\release\ui.obj
a:\backups\uni\year 2\s1\games engine construction\games engine\hapi_start\x64\release\textures.obj
a:\backups\uni\year 2\s1\games engine construction\games engine\hapi_start\x64\release\sounds.obj
a:\backups\uni\year 2\s1\games engine construction\games engine\hapi_start\x64\release\shipentity.obj
a:\backups\uni\year 2\s1\games engine construction\games engine\hapi_start\x64\release\sceneryentity.obj
a:\backups\uni\year 2\s1\games engine construction\games engine\hapi_start\x64\release\rectangle.obj
a:\backups\uni\year 2\s1\games engine construction\games engine\hapi_start\x64\release\projectileentity.obj
a:\backups\uni\year 2\s1\games engine construction\games engine\hapi_start\x64\release\playerentity.obj
a:\backups\uni\year 2\s1\games engine construction\games engine\hapi_start\x64\release\main.obj
a:\backups\uni\year 2\s1\games engine construction\games engine\hapi_start\x64\release\entity.obj
a:\backups\uni\year 2\s1\games engine construction\games engine\hapi_start\x64\release\enemyentity.obj
a:\backups\uni\year 2\s1\games engine construction\games engine\hapi_start\x64\release\backgroundentity.obj
a:\backups\uni\year 2\s1\games engine construction\games engine\hapi_start\x64\release\ai.obj
a:\backups\uni\year 2\s1\games engine construction\games engine\x64\release\hapi_start.exe
a:\backups\uni\year 2\s1\games engine construction\games engine\x64\release\hapi_start.pdb
a:\backups\uni\year 2\s1\games engine construction\games engine\hapi_start\x64\release\hapi_start.tlog\cl.command.1.tlog
a:\backups\uni\year 2\s1\games engine construction\games engine\hapi_start\x64\release\hapi_start.tlog\cl.read.1.tlog
a:\backups\uni\year 2\s1\games engine construction\games engine\hapi_start\x64\release\hapi_start.tlog\cl.write.1.tlog
a:\backups\uni\year 2\s1\games engine construction\games engine\hapi_start\x64\release\hapi_start.tlog\link.command.1.tlog
a:\backups\uni\year 2\s1\games engine construction\games engine\hapi_start\x64\release\hapi_start.tlog\link.read.1.tlog
a:\backups\uni\year 2\s1\games engine construction\games engine\hapi_start\x64\release\hapi_start.tlog\link.write.1.tlog
