a:\backups\uni\year 2\s1\games engine construction\games engine\hapi_start\x64\debug\vc141.pdb
a:\backups\uni\year 2\s1\games engine construction\games engine\hapi_start\x64\debug\vc141.idb
a:\backups\uni\year 2\s1\games engine construction\games engine\hapi_start\x64\debug\main.obj
a:\backups\uni\year 2\s1\games engine construction\games engine\hapi_start\x64\debug\visualisation.obj
a:\backups\uni\year 2\s1\games engine construction\games engine\hapi_start\x64\debug\textures.obj
a:\backups\uni\year 2\s1\games engine construction\games engine\hapi_start\x64\debug\rectangle.obj
a:\backups\uni\year 2\s1\games engine construction\games engine\hapi_start\x64\debug\worldmodel.obj
a:\backups\uni\year 2\s1\games engine construction\games engine\hapi_start\x64\debug\vector2d.obj
a:\backups\uni\year 2\s1\games engine construction\games engine\hapi_start\x64\debug\ui.obj
a:\backups\uni\year 2\s1\games engine construction\games engine\hapi_start\x64\debug\projectileentity.obj
a:\backups\uni\year 2\s1\games engine construction\games engine\hapi_start\x64\debug\playerentity.obj
a:\backups\uni\year 2\s1\games engine construction\games engine\hapi_start\x64\debug\entity.obj
a:\backups\uni\year 2\s1\games engine construction\games engine\hapi_start\x64\debug\enemyentity.obj
a:\backups\uni\year 2\s1\games engine construction\games engine\hapi_start\x64\debug\backgroundentity.obj
a:\backups\uni\year 2\s1\games engine construction\games engine\hapi_start\x64\debug\sounds.obj
a:\backups\uni\year 2\s1\games engine construction\games engine\x64\debug\hapi_start.ilk
a:\backups\uni\year 2\s1\games engine construction\games engine\x64\debug\hapi_start.exe
a:\backups\uni\year 2\s1\games engine construction\games engine\x64\debug\hapi_start.pdb
a:\backups\uni\year 2\s1\games engine construction\games engine\hapi_start\x64\debug\main.obj.enc
a:\backups\uni\year 2\s1\games engine construction\games engine\hapi_start\x64\debug\hapi_start.tlog\cl.command.1.tlog
a:\backups\uni\year 2\s1\games engine construction\games engine\hapi_start\x64\debug\hapi_start.tlog\cl.read.1.tlog
a:\backups\uni\year 2\s1\games engine construction\games engine\hapi_start\x64\debug\hapi_start.tlog\cl.write.1.tlog
a:\backups\uni\year 2\s1\games engine construction\games engine\hapi_start\x64\debug\hapi_start.tlog\link.command.1.tlog
a:\backups\uni\year 2\s1\games engine construction\games engine\hapi_start\x64\debug\hapi_start.tlog\link.read.1.tlog
a:\backups\uni\year 2\s1\games engine construction\games engine\hapi_start\x64\debug\hapi_start.tlog\link.write.1.tlog
